\BOOKMARK [0][-]{chapter.1}{\376\377\000I\000n\000t\000r\000o\000d\000u\000c\000t\000i\000o\000n}{}% 1
\BOOKMARK [1][-]{section.1.1}{\376\377\000W\000h\000a\000t\040\031\000s\000\040\000N\000e\000w}{chapter.1}% 2
\BOOKMARK [0][-]{chapter.2}{\376\377\000P\000a\000c\000k\000a\000g\000e\000s}{}% 3
\BOOKMARK [1][-]{section.2.1}{\376\377\000P\000a\000c\000k\000a\000g\000e\000\040\000C\000o\000m\000p\000o\000n\000e\000n\000t\000s}{chapter.2}% 4
\BOOKMARK [2][-]{subsection.2.1.1}{\376\377\000P\000a\000c\000k\000a\000g\000e\000\040\000S\000p\000e\000c\000i\000f\000i\000c\000a\000t\000i\000o\000n\000\040\000S\000y\000n\000t\000a\000x}{section.2.1}% 5
\BOOKMARK [2][-]{subsection.2.1.2}{\376\377\000P\000a\000c\000k\000a\000g\000e\000\040\000B\000o\000d\000y\000\040\000S\000y\000n\000t\000a\000x}{section.2.1}% 6
\BOOKMARK [1][-]{section.2.2}{\376\377\000C\000r\000e\000a\000t\000i\000n\000g\000\040\000P\000a\000c\000k\000a\000g\000e\000s}{chapter.2}% 7
\BOOKMARK [2][-]{subsection.2.2.1}{\376\377\000C\000r\000e\000a\000t\000i\000n\000g\000\040\000t\000h\000e\000\040\000P\000a\000c\000k\000a\000g\000e\000\040\000S\000p\000e\000c\000i\000f\000i\000c\000a\000t\000i\000o\000n}{section.2.2}% 8
\BOOKMARK [2][-]{subsection.2.2.2}{\376\377\000C\000r\000e\000a\000t\000i\000n\000g\000\040\000t\000h\000e\000\040\000P\000a\000c\000k\000a\000g\000e\000\040\000B\000o\000d\000y}{section.2.2}% 9
\BOOKMARK [1][-]{section.2.3}{\376\377\000R\000e\000f\000e\000r\000e\000n\000c\000i\000n\000g\000\040\000a\000\040\000P\000a\000c\000k\000a\000g\000e}{chapter.2}% 10
\BOOKMARK [1][-]{section.2.4}{\376\377\000U\000s\000i\000n\000g\000\040\000P\000a\000c\000k\000a\000g\000e\000s\000\040\000W\000i\000t\000h\000\040\000U\000s\000e\000r\000\040\000D\000e\000f\000i\000n\000e\000d\000\040\000T\000y\000p\000e\000s}{chapter.2}% 11
\BOOKMARK [1][-]{section.2.5}{\376\377\000D\000r\000o\000p\000p\000i\000n\000g\000\040\000a\000\040\000P\000a\000c\000k\000a\000g\000e}{chapter.2}% 12
\BOOKMARK [0][-]{chapter.3}{\376\377\000B\000u\000i\000l\000t\000-\000I\000n\000\040\000P\000a\000c\000k\000a\000g\000e\000s}{}% 13
\BOOKMARK [1][-]{section.3.1}{\376\377\000D\000B\000M\000S\000\137\000A\000L\000E\000R\000T}{chapter.3}% 14
\BOOKMARK [2][-]{subsection.3.1.1}{\376\377\000R\000E\000G\000I\000S\000T\000E\000R}{section.3.1}% 15
\BOOKMARK [2][-]{subsection.3.1.2}{\376\377\000R\000E\000M\000O\000V\000E}{section.3.1}% 16
\BOOKMARK [2][-]{subsection.3.1.3}{\376\377\000R\000E\000M\000O\000V\000E\000A\000L\000L}{section.3.1}% 17
\BOOKMARK [2][-]{subsection.3.1.4}{\376\377\000S\000I\000G\000N\000A\000L}{section.3.1}% 18
\BOOKMARK [2][-]{subsection.3.1.5}{\376\377\000W\000A\000I\000T\000A\000N\000Y}{section.3.1}% 19
\BOOKMARK [2][-]{subsection.3.1.6}{\376\377\000W\000A\000I\000T\000O\000N\000E}{section.3.1}% 20
\BOOKMARK [2][-]{subsection.3.1.7}{\376\377\000C\000o\000m\000p\000r\000e\000h\000e\000n\000s\000i\000v\000e\000\040\000E\000x\000a\000m\000p\000l\000e}{section.3.1}% 21
\BOOKMARK [1][-]{section.3.2}{\376\377\000D\000B\000M\000S\000\137\000A\000Q}{chapter.3}% 22
\BOOKMARK [2][-]{subsection.3.2.1}{\376\377\000E\000N\000Q\000U\000E\000U\000E}{section.3.2}% 23
\BOOKMARK [2][-]{subsection.3.2.2}{\376\377\000D\000E\000Q\000U\000E\000U\000E}{section.3.2}% 24
\BOOKMARK [2][-]{subsection.3.2.3}{\376\377\000R\000E\000G\000I\000S\000T\000E\000R}{section.3.2}% 25
\BOOKMARK [2][-]{subsection.3.2.4}{\376\377\000U\000N\000R\000E\000G\000I\000S\000T\000E\000R}{section.3.2}% 26
\BOOKMARK [1][-]{section.3.3}{\376\377\000D\000B\000M\000S\000\137\000A\000Q\000A\000D\000M}{chapter.3}% 27
\BOOKMARK [2][-]{subsection.3.3.1}{\376\377\000A\000L\000T\000E\000R\000\137\000Q\000U\000E\000U\000E}{section.3.3}% 28
\BOOKMARK [2][-]{subsection.3.3.2}{\376\377\000A\000L\000T\000E\000R\000\137\000Q\000U\000E\000U\000E\000\137\000T\000A\000B\000L\000E}{section.3.3}% 29
\BOOKMARK [2][-]{subsection.3.3.3}{\376\377\000C\000R\000E\000A\000T\000E\000\137\000Q\000U\000E\000U\000E}{section.3.3}% 30
\BOOKMARK [2][-]{subsection.3.3.4}{\376\377\000C\000R\000E\000A\000T\000E\000\137\000Q\000U\000E\000U\000E\000\137\000T\000A\000B\000L\000E}{section.3.3}% 31
\BOOKMARK [2][-]{subsection.3.3.5}{\376\377\000D\000R\000O\000P\000\137\000Q\000U\000E\000U\000E}{section.3.3}% 32
\BOOKMARK [2][-]{subsection.3.3.6}{\376\377\000D\000R\000O\000P\000\137\000Q\000U\000E\000U\000E\000\137\000T\000A\000B\000L\000E}{section.3.3}% 33
\BOOKMARK [2][-]{subsection.3.3.7}{\376\377\000P\000U\000R\000G\000E\000\137\000Q\000U\000E\000U\000E\000\137\000T\000A\000B\000L\000E}{section.3.3}% 34
\BOOKMARK [2][-]{subsection.3.3.8}{\376\377\000S\000T\000A\000R\000T\000\137\000Q\000U\000E\000U\000E}{section.3.3}% 35
\BOOKMARK [2][-]{subsection.3.3.9}{\376\377\000S\000T\000O\000P\000\137\000Q\000U\000E\000U\000E}{section.3.3}% 36
\BOOKMARK [1][-]{section.3.4}{\376\377\000D\000B\000M\000S\000\137\000C\000R\000Y\000P\000T\000O}{chapter.3}% 37
\BOOKMARK [2][-]{subsection.3.4.1}{\376\377\000D\000E\000C\000R\000Y\000P\000T}{section.3.4}% 38
\BOOKMARK [2][-]{subsection.3.4.2}{\376\377\000E\000N\000C\000R\000Y\000P\000T}{section.3.4}% 39
\BOOKMARK [2][-]{subsection.3.4.3}{\376\377\000H\000A\000S\000H}{section.3.4}% 40
\BOOKMARK [2][-]{subsection.3.4.4}{\376\377\000M\000A\000C}{section.3.4}% 41
\BOOKMARK [2][-]{subsection.3.4.5}{\376\377\000R\000A\000N\000D\000O\000M\000B\000Y\000T\000E\000S}{section.3.4}% 42
\BOOKMARK [2][-]{subsection.3.4.6}{\376\377\000R\000A\000N\000D\000O\000M\000I\000N\000T\000E\000G\000E\000R}{section.3.4}% 43
\BOOKMARK [2][-]{subsection.3.4.7}{\376\377\000R\000A\000N\000D\000O\000M\000N\000U\000M\000B\000E\000R}{section.3.4}% 44
\BOOKMARK [1][-]{section.3.5}{\376\377\000D\000B\000M\000S\000\137\000J\000O\000B}{chapter.3}% 45
\BOOKMARK [2][-]{subsection.3.5.1}{\376\377\000B\000R\000O\000K\000E\000N}{section.3.5}% 46
\BOOKMARK [2][-]{subsection.3.5.2}{\376\377\000C\000H\000A\000N\000G\000E}{section.3.5}% 47
\BOOKMARK [2][-]{subsection.3.5.3}{\376\377\000I\000N\000T\000E\000R\000V\000A\000L}{section.3.5}% 48
\BOOKMARK [2][-]{subsection.3.5.4}{\376\377\000N\000E\000X\000T\000\137\000D\000A\000T\000E}{section.3.5}% 49
\BOOKMARK [2][-]{subsection.3.5.5}{\376\377\000R\000E\000M\000O\000V\000E}{section.3.5}% 50
\BOOKMARK [2][-]{subsection.3.5.6}{\376\377\000R\000U\000N}{section.3.5}% 51
\BOOKMARK [2][-]{subsection.3.5.7}{\376\377\000S\000U\000B\000M\000I\000T}{section.3.5}% 52
\BOOKMARK [2][-]{subsection.3.5.8}{\376\377\000W\000H\000A\000T}{section.3.5}% 53
\BOOKMARK [1][-]{section.3.6}{\376\377\000D\000B\000M\000S\000\137\000L\000O\000B}{chapter.3}% 54
\BOOKMARK [2][-]{subsection.3.6.1}{\376\377\000A\000P\000P\000E\000N\000D}{section.3.6}% 55
\BOOKMARK [2][-]{subsection.3.6.2}{\376\377\000C\000O\000M\000P\000A\000R\000E}{section.3.6}% 56
\BOOKMARK [2][-]{subsection.3.6.3}{\376\377\000C\000O\000N\000V\000E\000R\000T\000T\000O\000B\000L\000O\000B}{section.3.6}% 57
\BOOKMARK [2][-]{subsection.3.6.4}{\376\377\000C\000O\000N\000V\000E\000R\000T\000T\000O\000C\000L\000O\000B}{section.3.6}% 58
\BOOKMARK [2][-]{subsection.3.6.5}{\376\377\000C\000O\000P\000Y}{section.3.6}% 59
\BOOKMARK [2][-]{subsection.3.6.6}{\376\377\000E\000R\000A\000S\000E}{section.3.6}% 60
\BOOKMARK [2][-]{subsection.3.6.7}{\376\377\000G\000E\000T\000\137\000S\000T\000O\000R\000A\000G\000E\000\137\000L\000I\000M\000I\000T}{section.3.6}% 61
\BOOKMARK [2][-]{subsection.3.6.8}{\376\377\000G\000E\000T\000L\000E\000N\000G\000T\000H}{section.3.6}% 62
\BOOKMARK [2][-]{subsection.3.6.9}{\376\377\000I\000N\000S\000T\000R}{section.3.6}% 63
\BOOKMARK [2][-]{subsection.3.6.10}{\376\377\000R\000E\000A\000D}{section.3.6}% 64
\BOOKMARK [2][-]{subsection.3.6.11}{\376\377\000S\000U\000B\000S\000T\000R}{section.3.6}% 65
\BOOKMARK [2][-]{subsection.3.6.12}{\376\377\000T\000R\000I\000M}{section.3.6}% 66
\BOOKMARK [2][-]{subsection.3.6.13}{\376\377\000W\000R\000I\000T\000E}{section.3.6}% 67
\BOOKMARK [2][-]{subsection.3.6.14}{\376\377\000W\000R\000I\000T\000E\000A\000P\000P\000E\000N\000D}{section.3.6}% 68
\BOOKMARK [1][-]{section.3.7}{\376\377\000D\000B\000M\000S\000\137\000L\000O\000C\000K}{chapter.3}% 69
\BOOKMARK [2][-]{subsection.3.7.1}{\376\377\000S\000L\000E\000E\000P}{section.3.7}% 70
\BOOKMARK [1][-]{section.3.8}{\376\377\000D\000B\000M\000S\000\137\000M\000V\000I\000E\000W}{chapter.3}% 71
\BOOKMARK [2][-]{subsection.3.8.1}{\376\377\000G\000E\000T\000\137\000M\000V\000\137\000D\000E\000P\000E\000N\000D\000E\000N\000C\000I\000E\000S}{section.3.8}% 72
\BOOKMARK [2][-]{subsection.3.8.2}{\376\377\000R\000E\000F\000R\000E\000S\000H}{section.3.8}% 73
\BOOKMARK [2][-]{subsection.3.8.3}{\376\377\000R\000E\000F\000R\000E\000S\000H\000\137\000A\000L\000L\000\137\000M\000V\000I\000E\000W\000S}{section.3.8}% 74
\BOOKMARK [2][-]{subsection.3.8.4}{\376\377\000R\000E\000F\000R\000E\000S\000H\000\137\000D\000E\000P\000E\000N\000D\000E\000N\000T}{section.3.8}% 75
\BOOKMARK [1][-]{section.3.9}{\376\377\000D\000B\000M\000S\000\137\000O\000U\000T\000P\000U\000T}{chapter.3}% 76
\BOOKMARK [2][-]{subsection.3.9.1}{\376\377\000C\000H\000A\000R\000A\000R\000R}{section.3.9}% 77
\BOOKMARK [2][-]{subsection.3.9.2}{\376\377\000D\000I\000S\000A\000B\000L\000E}{section.3.9}% 78
\BOOKMARK [2][-]{subsection.3.9.3}{\376\377\000E\000N\000A\000B\000L\000E}{section.3.9}% 79
\BOOKMARK [2][-]{subsection.3.9.4}{\376\377\000G\000E\000T\000\137\000L\000I\000N\000E}{section.3.9}% 80
\BOOKMARK [2][-]{subsection.3.9.5}{\376\377\000G\000E\000T\000\137\000L\000I\000N\000E\000S}{section.3.9}% 81
\BOOKMARK [2][-]{subsection.3.9.6}{\376\377\000N\000E\000W\000\137\000L\000I\000N\000E}{section.3.9}% 82
\BOOKMARK [2][-]{subsection.3.9.7}{\376\377\000P\000U\000T}{section.3.9}% 83
\BOOKMARK [2][-]{subsection.3.9.8}{\376\377\000P\000U\000T\000\137\000L\000I\000N\000E}{section.3.9}% 84
\BOOKMARK [2][-]{subsection.3.9.9}{\376\377\000S\000E\000R\000V\000E\000R\000O\000U\000T\000P\000U\000T}{section.3.9}% 85
\BOOKMARK [1][-]{section.3.10}{\376\377\000D\000B\000M\000S\000\137\000P\000I\000P\000E}{chapter.3}% 86
\BOOKMARK [2][-]{subsection.3.10.1}{\376\377\000C\000R\000E\000A\000T\000E\000\137\000P\000I\000P\000E}{section.3.10}% 87
\BOOKMARK [2][-]{subsection.3.10.2}{\376\377\000N\000E\000X\000T\000\137\000I\000T\000E\000M\000\137\000T\000Y\000P\000E}{section.3.10}% 88
\BOOKMARK [2][-]{subsection.3.10.3}{\376\377\000P\000A\000C\000K\000\137\000M\000E\000S\000S\000A\000G\000E}{section.3.10}% 89
\BOOKMARK [2][-]{subsection.3.10.4}{\376\377\000P\000U\000R\000G\000E}{section.3.10}% 90
\BOOKMARK [2][-]{subsection.3.10.5}{\376\377\000R\000E\000C\000E\000I\000V\000E\000\137\000M\000E\000S\000S\000A\000G\000E}{section.3.10}% 91
\BOOKMARK [2][-]{subsection.3.10.6}{\376\377\000R\000E\000M\000O\000V\000E\000\137\000P\000I\000P\000E}{section.3.10}% 92
\BOOKMARK [2][-]{subsection.3.10.7}{\376\377\000R\000E\000S\000E\000T\000\137\000B\000U\000F\000F\000E\000R}{section.3.10}% 93
\BOOKMARK [2][-]{subsection.3.10.8}{\376\377\000S\000E\000N\000D\000\137\000M\000E\000S\000S\000A\000G\000E}{section.3.10}% 94
\BOOKMARK [2][-]{subsection.3.10.9}{\376\377\000U\000N\000I\000Q\000U\000E\000\137\000S\000E\000S\000S\000I\000O\000N\000\137\000N\000A\000M\000E}{section.3.10}% 95
\BOOKMARK [2][-]{subsection.3.10.10}{\376\377\000U\000N\000P\000A\000C\000K\000\137\000M\000E\000S\000S\000A\000G\000E}{section.3.10}% 96
\BOOKMARK [2][-]{subsection.3.10.11}{\376\377\000C\000o\000m\000p\000r\000e\000h\000e\000n\000s\000i\000v\000e\000\040\000E\000x\000a\000m\000p\000l\000e}{section.3.10}% 97
\BOOKMARK [1][-]{section.3.11}{\376\377\000D\000B\000M\000S\000\137\000P\000R\000O\000F\000I\000L\000E\000R}{chapter.3}% 98
\BOOKMARK [2][-]{subsection.3.11.1}{\376\377\000F\000L\000U\000S\000H\000\137\000D\000A\000T\000A}{section.3.11}% 99
\BOOKMARK [2][-]{subsection.3.11.2}{\376\377\000G\000E\000T\000\137\000V\000E\000R\000S\000I\000O\000N}{section.3.11}% 100
\BOOKMARK [2][-]{subsection.3.11.3}{\376\377\000I\000N\000T\000E\000R\000N\000A\000L\000\137\000V\000E\000R\000S\000I\000O\000N\000\137\000C\000H\000E\000C\000K}{section.3.11}% 101
\BOOKMARK [2][-]{subsection.3.11.4}{\376\377\000P\000A\000U\000S\000E\000\137\000P\000R\000O\000F\000I\000L\000E\000R}{section.3.11}% 102
\BOOKMARK [2][-]{subsection.3.11.5}{\376\377\000R\000E\000S\000U\000M\000E\000\137\000P\000R\000O\000F\000I\000L\000E\000R}{section.3.11}% 103
\BOOKMARK [2][-]{subsection.3.11.6}{\376\377\000S\000T\000A\000R\000T\000\137\000P\000R\000O\000F\000I\000L\000E\000R}{section.3.11}% 104
\BOOKMARK [2][-]{subsection.3.11.7}{\376\377\000S\000T\000O\000P\000\137\000P\000R\000O\000F\000I\000L\000E\000R}{section.3.11}% 105
\BOOKMARK [2][-]{subsection.3.11.8}{\376\377\000U\000s\000i\000n\000g\000\040\000D\000B\000M\000S\000\137\000P\000R\000O\000F\000I\000L\000E\000R}{section.3.11}% 106
\BOOKMARK [3][-]{subsubsection.3.11.8.1}{\376\377\000Q\000u\000e\000r\000y\000i\000n\000g\000\040\000t\000h\000e\000\040\000D\000B\000M\000S\000\137\000P\000R\000O\000F\000I\000L\000E\000R\000\040\000T\000a\000b\000l\000e\000s\000\040\000a\000n\000d\000\040\000V\000i\000e\000w}{subsection.3.11.8}% 107
\BOOKMARK [3][-]{subsubsection.3.11.8.2}{\376\377\000D\000B\000M\000S\000\137\000P\000R\000O\000F\000I\000L\000E\000R\000\040\000-\000\040\000R\000e\000f\000e\000r\000e\000n\000c\000e}{subsection.3.11.8}% 108
\BOOKMARK [4][-]{paragraph.3.11.8.2.1}{\376\377\000P\000L\000S\000Q\000L\000\137\000P\000R\000O\000F\000I\000L\000E\000R\000\137\000R\000U\000N\000S}{subsubsection.3.11.8.2}% 109
\BOOKMARK [4][-]{paragraph.3.11.8.2.2}{\376\377\000P\000L\000S\000Q\000L\000\137\000P\000R\000O\000F\000I\000L\000E\000R\000\137\000U\000N\000I\000T\000S}{subsubsection.3.11.8.2}% 110
\BOOKMARK [4][-]{paragraph.3.11.8.2.3}{\376\377\000P\000L\000S\000Q\000L\000\137\000P\000R\000O\000F\000I\000L\000E\000R\000\137\000D\000A\000T\000A}{subsubsection.3.11.8.2}% 111
\BOOKMARK [4][-]{paragraph.3.11.8.2.4}{\376\377\000P\000L\000S\000Q\000L\000\137\000P\000R\000O\000F\000I\000L\000E\000R\000\137\000R\000A\000W\000D\000A\000T\000A}{subsubsection.3.11.8.2}% 112
\BOOKMARK [1][-]{section.3.12}{\376\377\000D\000B\000M\000S\000\137\000R\000A\000N\000D\000O\000M}{chapter.3}% 113
\BOOKMARK [2][-]{subsection.3.12.1}{\376\377\000I\000N\000I\000T\000I\000A\000L\000I\000Z\000E}{section.3.12}% 114
\BOOKMARK [2][-]{subsection.3.12.2}{\376\377\000N\000O\000R\000M\000A\000L}{section.3.12}% 115
\BOOKMARK [2][-]{subsection.3.12.3}{\376\377\000R\000A\000N\000D\000O\000M}{section.3.12}% 116
\BOOKMARK [2][-]{subsection.3.12.4}{\376\377\000S\000E\000E\000D}{section.3.12}% 117
\BOOKMARK [2][-]{subsection.3.12.5}{\376\377\000S\000E\000E\000D}{section.3.12}% 118
\BOOKMARK [2][-]{subsection.3.12.6}{\376\377\000S\000T\000R\000I\000N\000G}{section.3.12}% 119
\BOOKMARK [2][-]{subsection.3.12.7}{\376\377\000T\000E\000R\000M\000I\000N\000A\000T\000E}{section.3.12}% 120
\BOOKMARK [2][-]{subsection.3.12.8}{\376\377\000V\000A\000L\000U\000E}{section.3.12}% 121
\BOOKMARK [2][-]{subsection.3.12.9}{\376\377\000V\000A\000L\000U\000E}{section.3.12}% 122
\BOOKMARK [1][-]{section.3.13}{\376\377\000D\000B\000M\000S\000\137\000R\000E\000D\000A\000C\000T}{chapter.3}% 123
\BOOKMARK [2][-]{subsection.3.13.1}{\376\377\000U\000s\000i\000n\000g\000\040\000D\000B\000M\000S\000\137\000R\000E\000D\000A\000C\000T\000\040\000C\000o\000n\000s\000t\000a\000n\000t\000s\000\040\000a\000n\000d\000\040\000F\000u\000n\000c\000t\000i\000o\000n\000\040\000P\000a\000r\000a\000m\000e\000t\000e\000r\000s}{section.3.13}% 124
\BOOKMARK [2][-]{subsection.3.13.2}{\376\377\000A\000D\000D\000\137\000P\000O\000L\000I\000C\000Y}{section.3.13}% 125
\BOOKMARK [2][-]{subsection.3.13.3}{\376\377\000A\000L\000T\000E\000R\000\137\000P\000O\000L\000I\000C\000Y}{section.3.13}% 126
\BOOKMARK [2][-]{subsection.3.13.4}{\376\377\000D\000I\000S\000A\000B\000L\000E\000\137\000P\000O\000L\000I\000C\000Y}{section.3.13}% 127
\BOOKMARK [2][-]{subsection.3.13.5}{\376\377\000E\000N\000A\000B\000L\000E\000\137\000P\000O\000L\000I\000C\000Y}{section.3.13}% 128
\BOOKMARK [2][-]{subsection.3.13.6}{\376\377\000D\000R\000O\000P\000\137\000P\000O\000L\000I\000C\000Y}{section.3.13}% 129
\BOOKMARK [2][-]{subsection.3.13.7}{\376\377\000U\000P\000D\000A\000T\000E\000\137\000F\000U\000L\000L\000\137\000R\000E\000D\000A\000C\000T\000I\000O\000N\000\137\000V\000A\000L\000U\000E\000S}{section.3.13}% 130
\BOOKMARK [1][-]{section.3.14}{\376\377\000D\000B\000M\000S\000\137\000R\000L\000S}{chapter.3}% 131
\BOOKMARK [2][-]{subsection.3.14.1}{\376\377\000A\000D\000D\000\137\000P\000O\000L\000I\000C\000Y}{section.3.14}% 132
\BOOKMARK [2][-]{subsection.3.14.2}{\376\377\000D\000R\000O\000P\000\137\000P\000O\000L\000I\000C\000Y}{section.3.14}% 133
\BOOKMARK [2][-]{subsection.3.14.3}{\376\377\000E\000N\000A\000B\000L\000E\000\137\000P\000O\000L\000I\000C\000Y}{section.3.14}% 134
\BOOKMARK [1][-]{section.3.15}{\376\377\000D\000B\000M\000S\000\137\000S\000C\000H\000E\000D\000U\000L\000E\000R}{chapter.3}% 135
\BOOKMARK [2][-]{subsection.3.15.1}{\376\377\000U\000s\000i\000n\000g\000\040\000C\000a\000l\000e\000n\000d\000a\000r\000\040\000S\000y\000n\000t\000a\000x\000\040\000t\000o\000\040\000S\000p\000e\000c\000i\000f\000y\000\040\000a\000\040\000R\000e\000p\000e\000a\000t\000i\000n\000g\000\040\000I\000n\000t\000e\000r\000v\000a\000l}{section.3.15}% 136
\BOOKMARK [2][-]{subsection.3.15.2}{\376\377\000C\000R\000E\000A\000T\000E\000\137\000J\000O\000B}{section.3.15}% 137
\BOOKMARK [2][-]{subsection.3.15.3}{\376\377\000C\000R\000E\000A\000T\000E\000\137\000P\000R\000O\000G\000R\000A\000M}{section.3.15}% 138
\BOOKMARK [2][-]{subsection.3.15.4}{\376\377\000C\000R\000E\000A\000T\000E\000\137\000S\000C\000H\000E\000D\000U\000L\000E}{section.3.15}% 139
\BOOKMARK [2][-]{subsection.3.15.5}{\376\377\000D\000E\000F\000I\000N\000E\000\137\000P\000R\000O\000G\000R\000A\000M\000\137\000A\000R\000G\000U\000M\000E\000N\000T}{section.3.15}% 140
\BOOKMARK [2][-]{subsection.3.15.6}{\376\377\000D\000I\000S\000A\000B\000L\000E}{section.3.15}% 141
\BOOKMARK [2][-]{subsection.3.15.7}{\376\377\000D\000R\000O\000P\000\137\000J\000O\000B}{section.3.15}% 142
\BOOKMARK [2][-]{subsection.3.15.8}{\376\377\000D\000R\000O\000P\000\137\000P\000R\000O\000G\000R\000A\000M}{section.3.15}% 143
\BOOKMARK [2][-]{subsection.3.15.9}{\376\377\000D\000R\000O\000P\000\137\000P\000R\000O\000G\000R\000A\000M\000\137\000A\000R\000G\000U\000M\000E\000N\000T}{section.3.15}% 144
\BOOKMARK [2][-]{subsection.3.15.10}{\376\377\000D\000R\000O\000P\000\137\000S\000C\000H\000E\000D\000U\000L\000E}{section.3.15}% 145
\BOOKMARK [2][-]{subsection.3.15.11}{\376\377\000E\000N\000A\000B\000L\000E}{section.3.15}% 146
\BOOKMARK [2][-]{subsection.3.15.12}{\376\377\000E\000V\000A\000L\000U\000A\000T\000E\000\137\000C\000A\000L\000E\000N\000D\000A\000R\000\137\000S\000T\000R\000I\000N\000G}{section.3.15}% 147
\BOOKMARK [2][-]{subsection.3.15.13}{\376\377\000R\000U\000N\000\137\000J\000O\000B}{section.3.15}% 148
\BOOKMARK [2][-]{subsection.3.15.14}{\376\377\000S\000E\000T\000\137\000J\000O\000B\000\137\000A\000R\000G\000U\000M\000E\000N\000T\000\137\000V\000A\000L\000U\000E}{section.3.15}% 149
\BOOKMARK [1][-]{section.3.16}{\376\377\000D\000B\000M\000S\000\137\000S\000E\000S\000S\000I\000O\000N}{chapter.3}% 150
\BOOKMARK [2][-]{subsection.3.16.1}{\376\377\000S\000E\000T\000\137\000R\000O\000L\000E}{section.3.16}% 151
\BOOKMARK [1][-]{section.3.17}{\376\377\000D\000B\000M\000S\000\137\000S\000Q\000L}{chapter.3}% 152
\BOOKMARK [2][-]{subsection.3.17.1}{\376\377\000B\000I\000N\000D\000\137\000V\000A\000R\000I\000A\000B\000L\000E}{section.3.17}% 153
\BOOKMARK [2][-]{subsection.3.17.2}{\376\377\000B\000I\000N\000D\000\137\000V\000A\000R\000I\000A\000B\000L\000E\000\137\000C\000H\000A\000R}{section.3.17}% 154
\BOOKMARK [2][-]{subsection.3.17.3}{\376\377\000B\000I\000N\000D\000\040\000V\000A\000R\000I\000A\000B\000L\000E\000\040\000R\000A\000W}{section.3.17}% 155
\BOOKMARK [2][-]{subsection.3.17.4}{\376\377\000C\000L\000O\000S\000E\000\137\000C\000U\000R\000S\000O\000R}{section.3.17}% 156
\BOOKMARK [2][-]{subsection.3.17.5}{\376\377\000C\000O\000L\000U\000M\000N\000\137\000V\000A\000L\000U\000E}{section.3.17}% 157
\BOOKMARK [2][-]{subsection.3.17.6}{\376\377\000C\000O\000L\000U\000M\000N\000\137\000V\000A\000L\000U\000E\000\137\000C\000H\000A\000R}{section.3.17}% 158
\BOOKMARK [2][-]{subsection.3.17.7}{\376\377\000C\000O\000L\000U\000M\000N\000\137\000V\000A\000L\000U\000E\000\137\000R\000A\000W}{section.3.17}% 159
\BOOKMARK [2][-]{subsection.3.17.8}{\376\377\000D\000E\000F\000I\000N\000E\000\137\000C\000O\000L\000U\000M\000N}{section.3.17}% 160
\BOOKMARK [2][-]{subsection.3.17.9}{\376\377\000D\000E\000F\000I\000N\000E\000\137\000C\000O\000L\000U\000M\000N\000\137\000C\000H\000A\000R}{section.3.17}% 161
\BOOKMARK [2][-]{subsection.3.17.10}{\376\377\000D\000E\000F\000I\000N\000E\000\137\000C\000O\000L\000U\000M\000N\000\137\000R\000A\000W}{section.3.17}% 162
\BOOKMARK [2][-]{subsection.3.17.11}{\376\377\000D\000E\000S\000C\000R\000I\000B\000E\000\040\000C\000O\000L\000U\000M\000N\000S}{section.3.17}% 163
\BOOKMARK [2][-]{subsection.3.17.12}{\376\377\000E\000X\000E\000C\000U\000T\000E}{section.3.17}% 164
\BOOKMARK [2][-]{subsection.3.17.13}{\376\377\000E\000X\000E\000C\000U\000T\000E\000\137\000A\000N\000D\000\137\000F\000E\000T\000C\000H}{section.3.17}% 165
\BOOKMARK [2][-]{subsection.3.17.14}{\376\377\000F\000E\000T\000C\000H\000\137\000R\000O\000W\000S}{section.3.17}% 166
\BOOKMARK [2][-]{subsection.3.17.15}{\376\377\000I\000S\000\137\000O\000P\000E\000N}{section.3.17}% 167
\BOOKMARK [2][-]{subsection.3.17.16}{\376\377\000L\000A\000S\000T\000\137\000R\000O\000W\000\137\000C\000O\000U\000N\000T}{section.3.17}% 168
\BOOKMARK [2][-]{subsection.3.17.17}{\376\377\000O\000P\000E\000N\000\137\000C\000U\000R\000S\000O\000R}{section.3.17}% 169
\BOOKMARK [2][-]{subsection.3.17.18}{\376\377\000P\000A\000R\000S\000E}{section.3.17}% 170
\BOOKMARK [1][-]{section.3.18}{\376\377\000D\000B\000M\000S\000\137\000U\000T\000I\000L\000I\000T\000Y}{chapter.3}% 171
\BOOKMARK [2][-]{subsection.3.18.1}{\376\377\000L\000N\000A\000M\000E\000\137\000A\000R\000R\000A\000Y}{section.3.18}% 172
\BOOKMARK [2][-]{subsection.3.18.2}{\376\377\000U\000N\000C\000L\000\137\000A\000R\000R\000A\000Y}{section.3.18}% 173
\BOOKMARK [2][-]{subsection.3.18.3}{\376\377\000A\000N\000A\000L\000Y\000Z\000E\000\137\000D\000A\000T\000A\000B\000A\000S\000E\000,\000\040\000A\000N\000A\000L\000Y\000Z\000E\000\040\000S\000C\000H\000E\000M\000A\000\040\000a\000n\000d\000\040\000A\000N\000A\000L\000Y\000Z\000E\000\040\000P\000A\000R\000T\000\137\000O\000B\000J\000E\000C\000T}{section.3.18}% 174
\BOOKMARK [2][-]{subsection.3.18.4}{\376\377\000C\000A\000N\000O\000N\000I\000C\000A\000L\000I\000Z\000E}{section.3.18}% 175
\BOOKMARK [2][-]{subsection.3.18.5}{\376\377\000C\000O\000M\000M\000A\000\137\000T\000O\000\137\000T\000A\000B\000L\000E}{section.3.18}% 176
\BOOKMARK [2][-]{subsection.3.18.6}{\376\377\000D\000B\000\137\000V\000E\000R\000S\000I\000O\000N}{section.3.18}% 177
\BOOKMARK [2][-]{subsection.3.18.7}{\376\377\000E\000X\000E\000C\000\137\000D\000D\000L\000\137\000S\000T\000A\000T\000E\000M\000E\000N\000T}{section.3.18}% 178
\BOOKMARK [2][-]{subsection.3.18.8}{\376\377\000F\000O\000R\000M\000A\000T\000\137\000C\000A\000L\000L\000\137\000S\000T\000A\000C\000K}{section.3.18}% 179
\BOOKMARK [2][-]{subsection.3.18.9}{\376\377\000G\000E\000T\000\137\000C\000P\000U\000\137\000T\000I\000M\000E}{section.3.18}% 180
\BOOKMARK [2][-]{subsection.3.18.10}{\376\377\000G\000E\000T\000\137\000D\000E\000P\000E\000N\000D\000E\000N\000C\000Y}{section.3.18}% 181
\BOOKMARK [2][-]{subsection.3.18.11}{\376\377\000G\000E\000T\000\137\000H\000A\000S\000H\000\137\000V\000A\000L\000U\000E}{section.3.18}% 182
\BOOKMARK [2][-]{subsection.3.18.12}{\376\377\000G\000E\000T\000\137\000P\000A\000R\000A\000M\000E\000T\000E\000R\000\137\000V\000A\000L\000U\000E}{section.3.18}% 183
\BOOKMARK [2][-]{subsection.3.18.13}{\376\377\000G\000E\000T\000\137\000T\000I\000M\000E}{section.3.18}% 184
\BOOKMARK [2][-]{subsection.3.18.14}{\376\377\000N\000A\000M\000E\000\137\000T\000O\000K\000E\000N\000I\000Z\000E}{section.3.18}% 185
\BOOKMARK [2][-]{subsection.3.18.15}{\376\377\000T\000A\000B\000L\000E\000\137\000T\000O\000\137\000C\000O\000M\000M\000A}{section.3.18}% 186
\BOOKMARK [1][-]{section.3.19}{\376\377\000U\000T\000L\000\137\000E\000N\000C\000O\000D\000E}{chapter.3}% 187
\BOOKMARK [2][-]{subsection.3.19.1}{\376\377\000B\000A\000S\000E\0006\0004\000\137\000D\000E\000C\000O\000D\000E}{section.3.19}% 188
\BOOKMARK [2][-]{subsection.3.19.2}{\376\377\000B\000A\000S\000E\0006\0004\000\137\000E\000N\000C\000O\000D\000E}{section.3.19}% 189
\BOOKMARK [2][-]{subsection.3.19.3}{\376\377\000M\000I\000M\000E\000H\000E\000A\000D\000E\000R\000\137\000D\000E\000C\000O\000D\000E}{section.3.19}% 190
\BOOKMARK [2][-]{subsection.3.19.4}{\376\377\000M\000I\000M\000E\000H\000E\000A\000D\000E\000R\000\137\000E\000N\000C\000O\000D\000E}{section.3.19}% 191
\BOOKMARK [2][-]{subsection.3.19.5}{\376\377\000Q\000U\000O\000T\000E\000D\000\137\000P\000R\000I\000N\000T\000A\000B\000L\000E\000\137\000D\000E\000C\000O\000D\000E}{section.3.19}% 192
\BOOKMARK [2][-]{subsection.3.19.6}{\376\377\000Q\000U\000O\000T\000E\000D\000\137\000P\000R\000I\000N\000T\000A\000B\000L\000E\000\137\000E\000N\000C\000O\000D\000E}{section.3.19}% 193
\BOOKMARK [2][-]{subsection.3.19.7}{\376\377\000T\000E\000X\000T\000\137\000D\000E\000C\000O\000D\000E}{section.3.19}% 194
\BOOKMARK [2][-]{subsection.3.19.8}{\376\377\000T\000E\000X\000T\000\137\000E\000N\000C\000O\000D\000E}{section.3.19}% 195
\BOOKMARK [2][-]{subsection.3.19.9}{\376\377\000U\000U\000D\000E\000C\000O\000D\000E}{section.3.19}% 196
\BOOKMARK [2][-]{subsection.3.19.10}{\376\377\000U\000U\000E\000N\000C\000O\000D\000E}{section.3.19}% 197
\BOOKMARK [1][-]{section.3.20}{\376\377\000U\000T\000L\000\137\000F\000I\000L\000E}{chapter.3}% 198
\BOOKMARK [2][-]{subsection.3.20.1}{\376\377\000S\000e\000t\000t\000i\000n\000g\000\040\000F\000i\000l\000e\000\040\000P\000e\000r\000m\000i\000s\000s\000i\000o\000n\000s\000\040\000w\000i\000t\000h\000\040\000u\000t\000l\000\137\000f\000i\000l\000e\000.\000u\000m\000a\000s\000k}{section.3.20}% 199
\BOOKMARK [2][-]{subsection.3.20.2}{\376\377\000F\000C\000L\000O\000S\000E}{section.3.20}% 200
\BOOKMARK [2][-]{subsection.3.20.3}{\376\377\000F\000C\000L\000O\000S\000E\000\137\000A\000L\000L}{section.3.20}% 201
\BOOKMARK [2][-]{subsection.3.20.4}{\376\377\000F\000C\000O\000P\000Y}{section.3.20}% 202
\BOOKMARK [2][-]{subsection.3.20.5}{\376\377\000F\000F\000L\000U\000S\000H}{section.3.20}% 203
\BOOKMARK [2][-]{subsection.3.20.6}{\376\377\000F\000O\000P\000E\000N}{section.3.20}% 204
\BOOKMARK [2][-]{subsection.3.20.7}{\376\377\000F\000R\000E\000M\000O\000V\000E}{section.3.20}% 205
\BOOKMARK [2][-]{subsection.3.20.8}{\376\377\000F\000R\000E\000N\000A\000M\000E}{section.3.20}% 206
\BOOKMARK [2][-]{subsection.3.20.9}{\376\377\000G\000E\000T\000\137\000L\000I\000N\000E}{section.3.20}% 207
\BOOKMARK [2][-]{subsection.3.20.10}{\376\377\000I\000S\000\137\000O\000P\000E\000N}{section.3.20}% 208
\BOOKMARK [2][-]{subsection.3.20.11}{\376\377\000N\000E\000W\000\137\000L\000I\000N\000E}{section.3.20}% 209
\BOOKMARK [2][-]{subsection.3.20.12}{\376\377\000P\000U\000T}{section.3.20}% 210
\BOOKMARK [2][-]{subsection.3.20.13}{\376\377\000P\000U\000T\000\137\000L\000I\000N\000E}{section.3.20}% 211
\BOOKMARK [2][-]{subsection.3.20.14}{\376\377\000P\000U\000T\000F}{section.3.20}% 212
\BOOKMARK [1][-]{section.3.21}{\376\377\000U\000T\000L\000\137\000H\000T\000T\000P}{chapter.3}% 213
\BOOKMARK [2][-]{subsection.3.21.1}{\376\377\000H\000T\000M\000L\000\137\000P\000I\000E\000C\000E\000S}{section.3.21}% 214
\BOOKMARK [2][-]{subsection.3.21.2}{\376\377\000R\000E\000Q}{section.3.21}% 215
\BOOKMARK [2][-]{subsection.3.21.3}{\376\377\000R\000E\000S\000P}{section.3.21}% 216
\BOOKMARK [2][-]{subsection.3.21.4}{\376\377\000B\000E\000G\000I\000N\000\137\000R\000E\000Q\000U\000E\000S\000T}{section.3.21}% 217
\BOOKMARK [2][-]{subsection.3.21.5}{\376\377\000E\000N\000D\000\137\000R\000E\000Q\000U\000E\000S\000T}{section.3.21}% 218
\BOOKMARK [2][-]{subsection.3.21.6}{\376\377\000E\000N\000D\000\137\000R\000E\000S\000P\000O\000N\000S\000E}{section.3.21}% 219
\BOOKMARK [2][-]{subsection.3.21.7}{\376\377\000G\000E\000T\000\137\000B\000O\000D\000Y\000\137\000C\000H\000A\000R\000S\000E\000T}{section.3.21}% 220
\BOOKMARK [2][-]{subsection.3.21.8}{\376\377\000G\000E\000T\000\137\000F\000O\000L\000L\000O\000W\000\137\000R\000E\000D\000I\000R\000E\000C\000T}{section.3.21}% 221
\BOOKMARK [2][-]{subsection.3.21.9}{\376\377\000G\000E\000T\000\137\000H\000E\000A\000D\000E\000R}{section.3.21}% 222
\BOOKMARK [2][-]{subsection.3.21.10}{\376\377\000G\000E\000T\000\137\000H\000E\000A\000D\000E\000R\000\137\000B\000Y\000\137\000N\000A\000M\000E}{section.3.21}% 223
\BOOKMARK [2][-]{subsection.3.21.11}{\376\377\000G\000E\000T\000\137\000H\000E\000A\000D\000E\000R\000\137\000C\000O\000U\000N\000T}{section.3.21}% 224
\BOOKMARK [2][-]{subsection.3.21.12}{\376\377\000G\000E\000T\000\137\000R\000E\000S\000P\000O\000N\000S\000E}{section.3.21}% 225
\BOOKMARK [2][-]{subsection.3.21.13}{\376\377\000G\000E\000T\000\137\000R\000E\000S\000P\000O\000N\000S\000E\000\137\000E\000R\000R\000O\000R\000\137\000C\000H\000E\000C\000K}{section.3.21}% 226
\BOOKMARK [2][-]{subsection.3.21.14}{\376\377\000G\000E\000T\000\137\000T\000R\000A\000N\000S\000F\000E\000R\000\137\000T\000I\000M\000E\000O\000U\000T}{section.3.21}% 227
\BOOKMARK [2][-]{subsection.3.21.15}{\376\377\000R\000E\000A\000D\000\137\000L\000I\000N\000E}{section.3.21}% 228
\BOOKMARK [2][-]{subsection.3.21.16}{\376\377\000R\000E\000A\000D\000\137\000R\000A\000W}{section.3.21}% 229
\BOOKMARK [2][-]{subsection.3.21.17}{\376\377\000R\000E\000A\000D\000\137\000T\000E\000X\000T}{section.3.21}% 230
\BOOKMARK [2][-]{subsection.3.21.18}{\376\377\000R\000E\000Q\000U\000E\000S\000T}{section.3.21}% 231
\BOOKMARK [2][-]{subsection.3.21.19}{\376\377\000R\000E\000Q\000U\000E\000S\000T\000\137\000P\000I\000E\000C\000E\000S}{section.3.21}% 232
\BOOKMARK [2][-]{subsection.3.21.20}{\376\377\000S\000E\000T\000\137\000B\000O\000D\000Y\000\137\000C\000H\000A\000R\000S\000E\000T}{section.3.21}% 233
\BOOKMARK [2][-]{subsection.3.21.21}{\376\377\000S\000E\000T\000\137\000F\000O\000L\000L\000O\000W\000\137\000R\000E\000D\000I\000R\000E\000C\000T}{section.3.21}% 234
\BOOKMARK [2][-]{subsection.3.21.22}{\376\377\000S\000E\000T\000\137\000H\000E\000A\000D\000E\000R}{section.3.21}% 235
\BOOKMARK [2][-]{subsection.3.21.23}{\376\377\000S\000E\000T\000\137\000R\000E\000S\000P\000O\000N\000S\000E\000\137\000E\000R\000R\000O\000R\000\137\000C\000H\000E\000C\000K}{section.3.21}% 236
\BOOKMARK [2][-]{subsection.3.21.24}{\376\377\000S\000E\000T\000\137\000T\000R\000A\000N\000S\000F\000E\000R\000\137\000T\000I\000M\000E\000O\000U\000T}{section.3.21}% 237
\BOOKMARK [2][-]{subsection.3.21.25}{\376\377\000W\000R\000I\000T\000E\000\137\000L\000I\000N\000E}{section.3.21}% 238
\BOOKMARK [2][-]{subsection.3.21.26}{\376\377\000W\000R\000I\000T\000E\000\137\000R\000A\000W}{section.3.21}% 239
\BOOKMARK [2][-]{subsection.3.21.27}{\376\377\000W\000R\000I\000T\000E\000\137\000T\000E\000X\000T}{section.3.21}% 240
\BOOKMARK [1][-]{section.3.22}{\376\377\000U\000T\000L\000\137\000M\000A\000I\000L}{chapter.3}% 241
\BOOKMARK [2][-]{subsection.3.22.1}{\376\377\000S\000E\000N\000D}{section.3.22}% 242
\BOOKMARK [2][-]{subsection.3.22.2}{\376\377\000S\000E\000N\000D\000\137\000A\000T\000T\000A\000C\000H\000\137\000R\000A\000W}{section.3.22}% 243
\BOOKMARK [2][-]{subsection.3.22.3}{\376\377\000S\000E\000N\000D\000\137\000A\000T\000T\000A\000C\000H\000\137\000V\000A\000R\000C\000H\000A\000R\0002}{section.3.22}% 244
\BOOKMARK [1][-]{section.3.23}{\376\377\000U\000T\000L\000\137\000R\000A\000W}{chapter.3}% 245
\BOOKMARK [2][-]{subsection.3.23.1}{\376\377\000C\000A\000S\000T\000\137\000T\000O\000\137\000R\000A\000W}{section.3.23}% 246
\BOOKMARK [2][-]{subsection.3.23.2}{\376\377\000C\000A\000S\000T\000\137\000T\000O\000\137\000V\000A\000R\000C\000H\000A\000R\0002}{section.3.23}% 247
\BOOKMARK [2][-]{subsection.3.23.3}{\376\377\000C\000O\000N\000C\000A\000T}{section.3.23}% 248
\BOOKMARK [2][-]{subsection.3.23.4}{\376\377\000C\000O\000N\000V\000E\000R\000T}{section.3.23}% 249
\BOOKMARK [2][-]{subsection.3.23.5}{\376\377\000L\000E\000N\000G\000T\000H}{section.3.23}% 250
\BOOKMARK [2][-]{subsection.3.23.6}{\376\377\000S\000U\000B\000S\000T\000R}{section.3.23}% 251
\BOOKMARK [1][-]{section.3.24}{\376\377\000U\000T\000L\000\137\000S\000M\000T\000P}{chapter.3}% 252
\BOOKMARK [2][-]{subsection.3.24.1}{\376\377\000C\000O\000N\000N\000E\000C\000T\000I\000O\000N}{section.3.24}% 253
\BOOKMARK [2][-]{subsection.3.24.2}{\376\377\000R\000E\000P\000L\000Y\000/\000R\000E\000P\000L\000I\000E\000S}{section.3.24}% 254
\BOOKMARK [2][-]{subsection.3.24.3}{\376\377\000C\000L\000O\000S\000E\000\137\000D\000A\000T\000A}{section.3.24}% 255
\BOOKMARK [2][-]{subsection.3.24.4}{\376\377\000C\000O\000M\000M\000A\000N\000D}{section.3.24}% 256
\BOOKMARK [2][-]{subsection.3.24.5}{\376\377\000C\000O\000M\000M\000A\000N\000D\000\137\000R\000E\000P\000L\000I\000E\000S}{section.3.24}% 257
\BOOKMARK [2][-]{subsection.3.24.6}{\376\377\000D\000A\000T\000A}{section.3.24}% 258
\BOOKMARK [2][-]{subsection.3.24.7}{\376\377\000E\000H\000L\000O}{section.3.24}% 259
\BOOKMARK [2][-]{subsection.3.24.8}{\376\377\000H\000E\000L\000O}{section.3.24}% 260
\BOOKMARK [2][-]{subsection.3.24.9}{\376\377\000H\000E\000L\000P}{section.3.24}% 261
\BOOKMARK [2][-]{subsection.3.24.10}{\376\377\000M\000A\000I\000L}{section.3.24}% 262
\BOOKMARK [2][-]{subsection.3.24.11}{\376\377\000N\000O\000O\000P}{section.3.24}% 263
\BOOKMARK [2][-]{subsection.3.24.12}{\376\377\000O\000P\000E\000N\000\137\000C\000O\000N\000N\000E\000C\000T\000I\000O\000N}{section.3.24}% 264
\BOOKMARK [2][-]{subsection.3.24.13}{\376\377\000O\000P\000E\000N\000\137\000D\000A\000T\000A}{section.3.24}% 265
\BOOKMARK [2][-]{subsection.3.24.14}{\376\377\000Q\000U\000I\000T}{section.3.24}% 266
\BOOKMARK [2][-]{subsection.3.24.15}{\376\377\000R\000C\000P\000T}{section.3.24}% 267
\BOOKMARK [2][-]{subsection.3.24.16}{\376\377\000R\000S\000E\000T}{section.3.24}% 268
\BOOKMARK [2][-]{subsection.3.24.17}{\376\377\000V\000R\000F\000Y}{section.3.24}% 269
\BOOKMARK [2][-]{subsection.3.24.18}{\376\377\000W\000R\000I\000T\000E\000\137\000D\000A\000T\000A}{section.3.24}% 270
\BOOKMARK [2][-]{subsection.3.24.19}{\376\377\000C\000o\000m\000p\000r\000e\000h\000e\000n\000s\000i\000v\000e\000\040\000E\000x\000a\000m\000p\000l\000e}{section.3.24}% 271
\BOOKMARK [1][-]{section.3.25}{\376\377\000U\000T\000L\000\137\000U\000R\000L}{chapter.3}% 272
\BOOKMARK [2][-]{subsection.3.25.1}{\376\377\000E\000S\000C\000A\000P\000E}{section.3.25}% 273
\BOOKMARK [2][-]{subsection.3.25.2}{\376\377\000U\000N\000E\000S\000C\000A\000P\000E}{section.3.25}% 274
\BOOKMARK [0][-]{chapter.4}{\376\377\000A\000c\000k\000n\000o\000w\000l\000e\000d\000g\000e\000m\000e\000n\000t\000s}{}% 275
\BOOKMARK [0][-]{chapter.5}{\376\377\000C\000o\000n\000c\000l\000u\000s\000i\000o\000n}{}% 276
\BOOKMARK [0][-]{section*.5}{\376\377\000I\000n\000d\000e\000x}{}% 277
